01:12:12.768 200
01:12:13.970 200
01:12:15.107 200
01:12:19.526 200
01:12:20.690 200
01:12:21.803 200
01:12:22.951 200
01:12:24.087 200
01:12:25.354 200
01:12:26.634 200
01:12:27.957 200
01:12:29.117 200
01:12:30.236 200
01:12:31.393 200
01:12:32.506 200
01:12:33.609 200
01:12:34.723 200
01:12:36.025 200
01:12:37.918 200
01:12:39.076 200
01:12:40.347 200
01:12:41.478 200
01:12:42.629 200
01:12:43.722 200
01:12:44.835 200
01:12:45.938 200
01:12:47.023 200
01:12:48.122 200
01:12:49.247 200
01:12:50.395 200
01:12:51.475 200
01:12:52.899 200
01:12:54.178 200
01:12:55.353 200
01:12:56.618 200
01:12:57.714 200
01:12:58.968 200
01:13:00.096 200
01:13:01.227 200
01:13:02.372 200
01:13:03.500 200
01:13:04.572 200
01:13:05.669 200
01:13:06.763 200
01:13:07.854 200
01:13:08.938 200
01:13:10.035 200
01:13:11.109 200
01:13:12.200 200
01:13:13.267 200
01:13:14.367 200
01:13:15.467 200
01:13:16.542 200
01:13:17.639 200
01:13:18.734 200
01:13:19.805 200
01:13:20.892 200
01:13:21.992 200
01:13:23.090 200
01:13:24.181 200
01:13:25.250 200
01:13:26.376 200
01:13:27.447 200
01:13:28.547 200
01:13:29.617 200
01:13:30.685 200
01:13:31.739 200
01:13:32.835 200
01:13:33.924 200
01:13:35.074 200
01:13:36.242 200
01:13:37.341 200
01:13:38.424 200
01:13:39.489 200
01:13:40.649 200
01:13:41.795 200
01:13:42.879 200
01:13:43.966 200
01:13:45.042 200
01:13:46.101 200
01:13:47.202 200
01:13:48.290 200
01:13:49.455 200
01:13:50.538 200
01:13:51.624 200
01:13:52.717 200
01:13:53.791 200
01:13:54.907 200
01:13:56.144 200
01:13:57.257 200
01:13:58.360 200
01:13:59.441 200
01:14:00.533 200
01:14:01.670 200
01:14:02.797 200
01:14:03.870 200
01:14:04.997 200
01:14:06.134 200
01:14:07.214 200
01:14:08.287 200
01:14:09.424 200
01:14:10.542 200
01:14:11.734 200
01:14:12.830 200
01:14:13.873 200
01:14:14.978 200
01:14:16.093 200
01:14:17.209 200
01:14:18.281 200
01:14:19.342 200
01:14:20.447 200
01:14:21.538 200
01:14:22.602 200
01:14:23.685 200
01:14:24.783 200
01:14:25.858 200
01:14:26.976 200
01:14:28.054 200
01:14:29.118 200
01:14:30.342 200
01:14:31.456 200
01:14:32.596 200
01:14:33.697 200
01:14:34.791 200
01:14:35.875 200
01:14:36.966 200
01:14:38.028 200
01:14:39.153 200
01:14:40.275 200
01:14:41.362 200
01:14:42.681 200
01:14:43.871 200
01:14:45.023 200
01:14:46.087 200
01:14:47.208 200
01:14:48.282 200
01:14:49.317 200
01:14:50.386 200
01:14:51.468 200
01:14:52.701 200
01:14:53.804 200
01:14:55.031 200
01:14:56.102 200
01:14:57.164 200
01:14:58.352 200
01:14:59.571 200
01:15:00.686 200
01:15:01.887 200
01:15:03.098 200
01:15:04.238 200
01:15:05.485 200
01:15:06.593 200
01:15:07.726 200
01:15:08.798 200
01:15:09.851 200
01:15:10.916 200
01:15:12.034 200
01:15:13.097 200
01:15:14.208 200
01:15:15.314 200
01:15:16.416 200
01:15:17.895 200
01:15:18.938 200
01:15:20.028 200
01:15:21.102 200
01:15:22.184 200
01:15:23.258 200
01:15:24.339 200
01:15:25.445 200
01:15:26.527 200
01:15:27.597 200
01:15:28.688 200
01:15:31.861 200
01:15:33.212 200
01:15:34.424 200
01:15:35.555 200
01:15:36.816 200
01:15:38.026 200
01:15:39.145 200
01:15:40.383 200
01:15:41.502 200
01:15:42.663 200
01:15:43.850 200
01:15:45.069 200
01:15:46.175 200
01:15:47.264 200
01:15:48.424 200
01:15:49.524 200
01:15:50.656 200
01:15:51.773 200
01:15:52.888 200
01:15:54.062 200
01:15:55.189 200
01:15:56.275 200
01:15:57.516 200
01:15:58.618 200
01:15:59.749 200
01:16:00.837 200
01:16:01.963 200
01:16:03.040 200
01:16:04.157 200
01:16:05.254 200
01:16:06.335 200
01:16:07.478 200
01:16:08.576 200
01:16:09.649 200
01:16:10.724 200
01:16:11.795 200
01:16:13.051 200
01:16:14.168 200
01:16:15.286 200
01:16:17.616 200
01:16:18.681 200
01:16:19.790 200
01:16:21.215 200
01:16:22.320 200
01:16:23.427 200
01:16:24.528 200
01:16:25.597 200
01:16:26.713 200
01:16:27.814 200
01:16:28.946 200
01:16:30.048 200
01:16:31.151 200
01:16:32.238 200
01:16:33.309 200
01:16:34.384 200
01:16:35.569 200
01:16:36.652 200
01:16:37.850 200
01:16:39.085 200
01:16:40.212 200
01:16:41.510 200
01:16:42.596 200
01:16:43.708 200
01:16:44.803 200
01:16:45.962 200
01:16:47.043 200
01:16:48.115 200
01:16:49.208 200
01:16:50.482 200
01:16:54.760 200
01:16:55.909 200
01:16:57.133 200
01:16:58.280 200
01:16:59.474 200
01:17:00.656 200
01:17:02.093 200
01:17:03.310 200
01:17:04.461 200
01:17:05.715 200
01:17:06.896 200
01:17:08.066 200
01:17:09.224 200
01:17:10.635 200
01:17:11.738 200
01:17:13.072 200
01:17:14.217 200
01:17:15.329 200
01:17:16.424 200
01:17:17.676 200
01:17:18.749 200
01:17:19.842 200
01:17:20.982 200
01:17:22.078 200
01:17:23.218 200
01:17:24.677 200
01:17:25.852 200
01:17:26.949 200
01:17:28.089 200
01:17:29.228 200
01:17:30.429 200
01:17:31.521 200
01:17:32.854 200
01:17:34.021 200
01:17:35.194 200
01:17:36.326 200
01:17:37.658 200
01:17:38.812 200
01:17:39.980 200
01:17:41.214 200
01:17:42.282 200
01:17:44.917 200
01:17:46.009 200
01:17:47.090 200
01:17:48.225 200
01:17:49.296 200
01:17:50.404 200
01:17:51.484 200
01:17:52.599 200
01:17:53.669 200
01:17:54.770 200
01:17:55.919 200
01:17:57.098 200
01:17:58.605 200
01:17:59.784 200
01:18:00.865 200
01:18:01.960 200
01:18:03.050 200
01:18:04.134 200
01:18:05.330 200
01:18:06.421 200
01:18:07.971 200
01:18:09.116 200
01:18:10.326 200
01:18:11.437 200
01:18:12.653 200
01:18:13.754 200
01:18:15.287 200
